<?xml version="1.0" encoding="UTF-8" ?>
<testsuite tests="15" failures="0" name="org.gendut.collection.HashTest" time="0.163" errors="0" skipped="0">
  <properties>
[...]
</properties>
  <testcase classname="org.gendut.collection.HashTest" name="testWithSameHash" time="0"/>
  <testcase classname="org.gendut.collection.HashTest" name="testImmutableHashSet" time="0.014"/>
  <testcase classname="org.gendut.collection.HashTest" name="testSmallImmutableHashMap" time="0"/>
  <testcase classname="org.gendut.collection.HashTest" name="testImmutableHashMapIterator" time="0.039"/>
  <testcase classname="org.gendut.collection.HashTest" name="testImmutableHashMap" time="0.018"/>
  <testcase classname="org.gendut.collection.HashTest" name="testFixedSizeHashMap" time="0.01"/>
  <testcase classname="org.gendut.collection.HashTest" name="testImmutableHashMapWithString" time="0.017"/>
  <testcase classname="org.gendut.collection.HashTest" name="testMutableHashMap" time="0.01"/>
  <testcase classname="org.gendut.collection.HashTest" name="testMutableHashMapWithString" time="0.012"/>
  <testcase classname="org.gendut.collection.HashTest" name="testJavaUtilTreeMap" time="0.01"/>
  <testcase classname="org.gendut.collection.HashTest" name="testJavaUtilTreeWithString" time="0.014"/>
  <testcase classname="org.gendut.collection.HashTest" name="testJavaUtilHashMap" time="0.005"/>
  <testcase classname="org.gendut.collection.HashTest" name="testJavaUtilHashMapWithString" time="0.007"/>
  <testcase classname="org.gendut.collection.HashTest" name="testDefinition" time="0"/>
  <testcase classname="org.gendut.collection.HashTest" name="testFixedSizeHashSet" time="0.007"/>
</testsuite>